<?xml version="1.0" encoding="UTF-8"?>
<!-- Generated by org.testng.reporters.JUnitXMLReporter -->
<testsuite ignored="0" hostname="E-5CG2203KDH" failures="0" tests="2" name="Test" time="86.63" errors="0" timestamp="2023-03-05T11:34:10 IST">
  <testcase classname="com.salesforce.testcases.TC001_CreateOpportunity" name="runCreateOpportunity" time="25.897"/>
  <testcase classname="com.salesforce.testcases.TC002_CreateOpportunityWithoutMandatoryFields" name="runCreateOpportunityWithoutMandatoryFields" time="30.274"/>
</testsuite> <!-- Test -->
