<?xml version="1.0" encoding="UTF-8"?>
<testng-results ignored="0" total="1" passed="1" failed="0" skipped="0">
  <reporter-output>
  </reporter-output>
  <suite started-at="2023-03-06T18:11:04 IST" name="Default suite" finished-at="2023-03-06T18:11:16 IST" duration-ms="12069">
    <groups>
      <group name="cucumber">
        <method signature="AbstractTestNGCucumberTests.runScenario(io.cucumber.testng.PickleWrapper,io.cucumber.testng.FeatureWrapper)[pri:0, instance:com.salesforce.testcases.Runner@cb0755b]" name="runScenario" class="io.cucumber.testng.AbstractTestNGCucumberTests"/>
      </group> <!-- cucumber -->
    </groups>
    <test started-at="2023-03-06T18:11:04 IST" name="Default test" finished-at="2023-03-06T18:11:16 IST" duration-ms="12069">
      <class name="com.salesforce.testcases.Runner">
        <test-method is-config="true" signature="setUpClass(org.testng.ITestContext)[pri:0, instance:com.salesforce.testcases.Runner@cb0755b]" started-at="2023-03-06T18:11:04 IST" name="setUpClass" finished-at="2023-03-06T18:11:05 IST" duration-ms="626" status="PASS">
          <params>
            <param index="0">
              <value>
                <![CDATA[org.testng.TestRunner@6d467c87]]>
              </value>
            </param>
          </params>
          <reporter-output>
          </reporter-output>
        </test-method> <!-- setUpClass -->
        <test-method is-config="true" signature="preCondition()[pri:0, instance:com.salesforce.testcases.Runner@cb0755b]" started-at="2023-03-06T18:11:05 IST" name="preCondition" finished-at="2023-03-06T18:11:14 IST" duration-ms="8985" status="PASS">
          <reporter-output>
          </reporter-output>
        </test-method> <!-- preCondition -->
        <test-method signature="runScenario(io.cucumber.testng.PickleWrapper,io.cucumber.testng.FeatureWrapper)[pri:0, instance:com.salesforce.testcases.Runner@cb0755b]" started-at="2023-03-06T18:11:14 IST" name="runScenario" description="Runs Cucumber Scenarios" data-provider="scenarios" finished-at="2023-03-06T18:11:15 IST" duration-ms="842" status="PASS">
          <params>
            <param index="0">
              <value>
                <![CDATA[""]]>
              </value>
            </param>
            <param index="1">
              <value>
                <![CDATA["Create Opportunity"]]>
              </value>
            </param>
          </params>
          <reporter-output>
          </reporter-output>
        </test-method> <!-- runScenario -->
        <test-method is-config="true" signature="postCondition()[pri:0, instance:com.salesforce.testcases.Runner@cb0755b]" started-at="2023-03-06T18:11:15 IST" name="postCondition" finished-at="2023-03-06T18:11:15 IST" duration-ms="143" status="PASS">
          <reporter-output>
          </reporter-output>
        </test-method> <!-- postCondition -->
        <test-method is-config="true" signature="tearDownClass()[pri:0, instance:com.salesforce.testcases.Runner@cb0755b]" started-at="2023-03-06T18:11:15 IST" name="tearDownClass" finished-at="2023-03-06T18:11:16 IST" duration-ms="1432" status="PASS">
          <reporter-output>
          </reporter-output>
        </test-method> <!-- tearDownClass -->
      </class> <!-- com.salesforce.testcases.Runner -->
    </test> <!-- Default test -->
  </suite> <!-- Default suite -->
</testng-results>
