<?xml version="1.0" encoding="UTF-8"?>
<testng-results ignored="0" total="2" passed="2" failed="0" skipped="0">
  <reporter-output>
  </reporter-output>
  <suite started-at="2023-03-05T11:32:43 IST" name="Suite" finished-at="2023-03-05T11:34:10 IST" duration-ms="86630">
    <groups>
    </groups>
    <test started-at="2023-03-05T11:32:43 IST" name="Test" finished-at="2023-03-05T11:34:10 IST" duration-ms="86630">
      <class name="com.salesforce.testcases.TC001_CreateOpportunity">
        <test-method is-config="true" signature="setData()[pri:0, instance:com.salesforce.testcases.TC001_CreateOpportunity@6574a52c]" started-at="2023-03-05T11:32:43 IST" name="setData" finished-at="2023-03-05T11:32:43 IST" duration-ms="10" status="PASS">
          <reporter-output>
          </reporter-output>
        </test-method> <!-- setData -->
        <test-method is-config="true" signature="preCondition()[pri:0, instance:com.salesforce.testcases.TC001_CreateOpportunity@6574a52c]" started-at="2023-03-05T11:32:45 IST" name="preCondition" finished-at="2023-03-05T11:32:59 IST" duration-ms="14758" status="PASS">
          <reporter-output>
          </reporter-output>
        </test-method> <!-- preCondition -->
        <test-method signature="runCreateOpportunity(java.lang.String,java.lang.String,java.lang.String)[pri:0, instance:com.salesforce.testcases.TC001_CreateOpportunity@6574a52c]" started-at="2023-03-05T11:32:59 IST" name="runCreateOpportunity" data-provider="FetchData" finished-at="2023-03-05T11:33:25 IST" duration-ms="25897" status="PASS">
          <params>
            <param index="0">
              <value>
                <![CDATA[hari.radhakrishnan@qeagle.com]]>
              </value>
            </param>
            <param index="1">
              <value>
                <![CDATA[Leaf@123]]>
              </value>
            </param>
            <param index="2">
              <value>
                <![CDATA[Salesforce Automation by KARTHICK]]>
              </value>
            </param>
          </params>
          <reporter-output>
          </reporter-output>
        </test-method> <!-- runCreateOpportunity -->
        <test-method is-config="true" signature="postCondition()[pri:0, instance:com.salesforce.testcases.TC001_CreateOpportunity@6574a52c]" started-at="2023-03-05T11:33:25 IST" name="postCondition" finished-at="2023-03-05T11:33:26 IST" duration-ms="272" status="PASS">
          <reporter-output>
          </reporter-output>
        </test-method> <!-- postCondition -->
      </class> <!-- com.salesforce.testcases.TC001_CreateOpportunity -->
      <class name="com.salesforce.testcases.TC002_CreateOpportunityWithoutMandatoryFields">
        <test-method is-config="true" signature="setData()[pri:0, instance:com.salesforce.testcases.TC002_CreateOpportunityWithoutMandatoryFields@55a147cc]" started-at="2023-03-05T11:33:26 IST" name="setData" finished-at="2023-03-05T11:33:26 IST" duration-ms="1" status="PASS">
          <reporter-output>
          </reporter-output>
        </test-method> <!-- setData -->
        <test-method is-config="true" signature="preCondition()[pri:0, instance:com.salesforce.testcases.TC002_CreateOpportunityWithoutMandatoryFields@55a147cc]" started-at="2023-03-05T11:33:26 IST" name="preCondition" finished-at="2023-03-05T11:33:39 IST" duration-ms="13308" status="PASS">
          <reporter-output>
          </reporter-output>
        </test-method> <!-- preCondition -->
        <test-method signature="runCreateOpportunityWithoutMandatoryFields(java.lang.String,java.lang.String)[pri:0, instance:com.salesforce.testcases.TC002_CreateOpportunityWithoutMandatoryFields@55a147cc]" started-at="2023-03-05T11:33:39 IST" name="runCreateOpportunityWithoutMandatoryFields" data-provider="FetchData" finished-at="2023-03-05T11:34:09 IST" duration-ms="30274" status="PASS">
          <params>
            <param index="0">
              <value>
                <![CDATA[hari.radhakrishnan@qeagle.com]]>
              </value>
            </param>
            <param index="1">
              <value>
                <![CDATA[Leaf@123]]>
              </value>
            </param>
          </params>
          <reporter-output>
          </reporter-output>
        </test-method> <!-- runCreateOpportunityWithoutMandatoryFields -->
        <test-method is-config="true" signature="postCondition()[pri:0, instance:com.salesforce.testcases.TC002_CreateOpportunityWithoutMandatoryFields@55a147cc]" started-at="2023-03-05T11:34:09 IST" name="postCondition" finished-at="2023-03-05T11:34:10 IST" duration-ms="490" status="PASS">
          <reporter-output>
          </reporter-output>
        </test-method> <!-- postCondition -->
      </class> <!-- com.salesforce.testcases.TC002_CreateOpportunityWithoutMandatoryFields -->
    </test> <!-- Test -->
  </suite> <!-- Suite -->
</testng-results>
